<?xml version="1.0" encoding="UTF-8"?>
<!-- Generated by org.testng.reporters.JUnitXMLReporter -->
<testsuite hostname="IN-SATHEESHNAI" ignored="0" name="Default test" tests="5" failures="1" timestamp="21 Feb 2019 13:40:20 GMT" time="64.049" errors="0">
  <testcase name="loginasvendor" time="5.801" classname="regression.TC_OrderOwner_Approval"/>
  <testcase name="clickontask" time="10.562" classname="regression.TC_OrderOwner_Approval"/>
  <testcase name="clickondemand" time="6.294" classname="regression.TC_OrderOwner_Approval"/>
  <testcase name="clickonpositionid" time="18.665" classname="regression.TC_OrderOwner_Approval">
    <failure type="java.lang.AssertionError" message="Not able to approve">
      <![CDATA[java.lang.AssertionError: Not able to approve
at org.testng.Assert.fail(Assert.java:96)
at pages.OrderOwner.clickpositionid(OrderOwner.java:132)
at regression.TC_OrderOwner_Approval.clickonpositionid(TC_OrderOwner_Approval.java:52)
at sun.reflect.NativeMethodAccessorImpl.invoke0(Native Method)
at sun.reflect.NativeMethodAccessorImpl.invoke(NativeMethodAccessorImpl.java:62)
at sun.reflect.DelegatingMethodAccessorImpl.invoke(DelegatingMethodAccessorImpl.java:43)
at java.lang.reflect.Method.invoke(Method.java:498)
at org.testng.internal.MethodInvocationHelper.invokeMethod(MethodInvocationHelper.java:124)
at org.testng.internal.Invoker.invokeMethod(Invoker.java:583)
at org.testng.internal.Invoker.invokeTestMethod(Invoker.java:719)
at org.testng.internal.Invoker.invokeTestMethods(Invoker.java:989)
at org.testng.internal.TestMethodWorker.invokeTestMethods(TestMethodWorker.java:125)
at org.testng.internal.TestMethodWorker.run(TestMethodWorker.java:109)
at org.testng.TestRunner.privateRun(TestRunner.java:648)
at org.testng.TestRunner.run(TestRunner.java:505)
at org.testng.SuiteRunner.runTest(SuiteRunner.java:455)
at org.testng.SuiteRunner.runSequentially(SuiteRunner.java:450)
at org.testng.SuiteRunner.privateRun(SuiteRunner.java:415)
at org.testng.SuiteRunner.run(SuiteRunner.java:364)
at org.testng.SuiteRunnerWorker.runSuite(SuiteRunnerWorker.java:52)
at org.testng.SuiteRunnerWorker.run(SuiteRunnerWorker.java:84)
at org.testng.TestNG.runSuitesSequentially(TestNG.java:1208)
at org.testng.TestNG.runSuitesLocally(TestNG.java:1137)
at org.testng.TestNG.runSuites(TestNG.java:1049)
at org.testng.TestNG.run(TestNG.java:1017)
at org.testng.remote.AbstractRemoteTestNG.run(AbstractRemoteTestNG.java:114)
at org.testng.remote.RemoteTestNG.initAndRun(RemoteTestNG.java:251)
at org.testng.remote.RemoteTestNG.main(RemoteTestNG.java:77)
]]>
    </failure>
  </testcase> <!-- clickonpositionid -->
  <testcase name="logout" time="10.463" classname="regression.TC_OrderOwner_Approval"/>
</testsuite> <!-- Default test -->
